<?xml version="1.0" encoding="UTF-8"?>
<!-- Generated by org.testng.reporters.JUnitReportReporter -->
<testsuite hostname="MacBook.local" failures="0" tests="1" name="dataDrivenTesting.MissionHumane" time="0.632" errors="0" timestamp="22 Jun 2021 04:21:39 GMT" skipped="0">
  <testcase classname="dataDrivenTesting.MissionHumane" name="getData" time="0.632"/>
</testsuite> <!-- dataDrivenTesting.MissionHumane -->
